e:\imaycode\tbas\core\core.dir\debug\vc140.pdb
e:\imaycode\tbas\core\core.dir\debug\taskqueuecontainer.obj
e:\imaycode\tbas\core\core.dir\debug\taskqueue.obj
e:\imaycode\tbas\core\core.dir\debug\threadcontainer.obj
e:\imaycode\tbas\core\core.dir\debug\corelock.obj
e:\imaycode\tbas\core\core.dir\debug\corethreadpool.obj
e:\imaycode\tbas\core\core.dir\debug\corethread.obj
e:\imaycode\tbas\core\core.dir\debug\main.obj
e:\imaycode\tbas\core\core.dir\debug\mytask.obj
e:\imaycode\tbas\core\core.dir\debug\scheduler.obj
e:\imaycode\tbas\core\cmakefiles\generate.stamp
e:\imaycode\tbas\core\debug\core.ilk
e:\imaycode\tbas\core\debug\core.exe
e:\imaycode\tbas\core\debug\core.pdb
e:\imaycode\tbas\core\core.dir\debug\core.tlog\cl.command.1.tlog
e:\imaycode\tbas\core\core.dir\debug\core.tlog\cl.read.1.tlog
e:\imaycode\tbas\core\core.dir\debug\core.tlog\cl.write.1.tlog
e:\imaycode\tbas\core\core.dir\debug\core.tlog\custombuild.command.1.tlog
e:\imaycode\tbas\core\core.dir\debug\core.tlog\custombuild.read.1.tlog
e:\imaycode\tbas\core\core.dir\debug\core.tlog\custombuild.write.1.tlog
e:\imaycode\tbas\core\core.dir\debug\core.tlog\link.command.1.tlog
e:\imaycode\tbas\core\core.dir\debug\core.tlog\link.read.1.tlog
e:\imaycode\tbas\core\core.dir\debug\core.tlog\link.write.1.tlog
